<?xml version="1.0" encoding="UTF-8"?>
<testng-results ignored="1" total="12" passed="8" failed="3" skipped="0">
  <reporter-output>
  </reporter-output>
  <suite started-at="2024-05-29T18:18:25 IST" name="Suite" finished-at="2024-05-29T18:21:10 IST" duration-ms="164652">
    <groups>
      <group name="SmokeTest">
        <method signature="LoginTest.login_Workspace_Id()[pri:0, instance:testCases.LoginTest@5d534f5d]" name="login_Workspace_Id" class="testCases.LoginTest"/>
        <method signature="LoginTest.login_valid()[pri:4, instance:testCases.LoginTest@5d534f5d]" name="login_valid" class="testCases.LoginTest"/>
        <method signature="Permission_Settings.Admin_Permission_Setting_status()[pri:1, instance:testCases.Permission_Settings@4a883b15]" name="Admin_Permission_Setting_status" class="testCases.Permission_Settings"/>
        <method signature="Permission_Settings.Admin_Permission_Settings()[pri:2, instance:testCases.Permission_Settings@4a883b15]" name="Admin_Permission_Settings" class="testCases.Permission_Settings"/>
        <method signature="Permission_Settings.Creator_Permission_Setting_status()[pri:3, instance:testCases.Permission_Settings@4a883b15]" name="Creator_Permission_Setting_status" class="testCases.Permission_Settings"/>
        <method signature="Permission_Settings.Creator_Permission_Settings()[pri:4, instance:testCases.Permission_Settings@4a883b15]" name="Creator_Permission_Settings" class="testCases.Permission_Settings"/>
        <method signature="Permission_Settings.Manager_Permission_Setting_status()[pri:5, instance:testCases.Permission_Settings@4a883b15]" name="Manager_Permission_Setting_status" class="testCases.Permission_Settings"/>
        <method signature="Permission_Settings.Manager_Permission_Settings()[pri:6, instance:testCases.Permission_Settings@4a883b15]" name="Manager_Permission_Settings" class="testCases.Permission_Settings"/>
      </group> <!-- SmokeTest -->
      <group name="test">
        <method signature="LoginTest.login_Workspace_Id()[pri:0, instance:testCases.LoginTest@5d534f5d]" name="login_Workspace_Id" class="testCases.LoginTest"/>
        <method signature="LoginTest.login_valid()[pri:4, instance:testCases.LoginTest@5d534f5d]" name="login_valid" class="testCases.LoginTest"/>
      </group> <!-- test -->
      <group name="Regression">
        <method signature="LoginTest.login_Workspace_Id()[pri:0, instance:testCases.LoginTest@5d534f5d]" name="login_Workspace_Id" class="testCases.LoginTest"/>
        <method signature="LoginTest.login_empty()[pri:1, instance:testCases.LoginTest@5d534f5d]" name="login_empty" class="testCases.LoginTest"/>
        <method signature="LoginTest.login_invalid_credentials()[pri:3, instance:testCases.LoginTest@5d534f5d]" name="login_invalid_credentials" class="testCases.LoginTest"/>
        <method signature="LoginTest.login_invalid_email()[pri:2, instance:testCases.LoginTest@5d534f5d]" name="login_invalid_email" class="testCases.LoginTest"/>
        <method signature="LoginTest.login_valid()[pri:4, instance:testCases.LoginTest@5d534f5d]" name="login_valid" class="testCases.LoginTest"/>
        <method signature="Permission_Settings.Admin_Permission_Setting_status()[pri:1, instance:testCases.Permission_Settings@4a883b15]" name="Admin_Permission_Setting_status" class="testCases.Permission_Settings"/>
        <method signature="Permission_Settings.Admin_Permission_Settings()[pri:2, instance:testCases.Permission_Settings@4a883b15]" name="Admin_Permission_Settings" class="testCases.Permission_Settings"/>
        <method signature="Permission_Settings.Creator_Permission_Setting_status()[pri:3, instance:testCases.Permission_Settings@4a883b15]" name="Creator_Permission_Setting_status" class="testCases.Permission_Settings"/>
        <method signature="Permission_Settings.Creator_Permission_Settings()[pri:4, instance:testCases.Permission_Settings@4a883b15]" name="Creator_Permission_Settings" class="testCases.Permission_Settings"/>
        <method signature="Permission_Settings.Manager_Permission_Setting_status()[pri:5, instance:testCases.Permission_Settings@4a883b15]" name="Manager_Permission_Setting_status" class="testCases.Permission_Settings"/>
        <method signature="Permission_Settings.Manager_Permission_Settings()[pri:6, instance:testCases.Permission_Settings@4a883b15]" name="Manager_Permission_Settings" class="testCases.Permission_Settings"/>
      </group> <!-- Regression -->
    </groups>
    <test started-at="2024-05-29T18:18:25 IST" name="Test" finished-at="2024-05-29T18:21:10 IST" duration-ms="164652">
      <class name="testCases.LoginTest">
        <test-method is-config="true" signature="setUpSuite(java.lang.String)[pri:0, instance:testCases.LoginTest@5d534f5d]" started-at="2024-05-29T18:18:15 IST" name="setUpSuite" finished-at="2024-05-29T18:18:25 IST" duration-ms="10334" status="PASS">
          <params>
            <param index="0">
              <value>
                <![CDATA[Admin_Regression]]>
              </value>
            </param>
          </params>
          <reporter-output>
          </reporter-output>
        </test-method> <!-- setUpSuite -->
        <test-method signature="login_Workspace_Id()[pri:0, instance:testCases.LoginTest@5d534f5d]" started-at="2024-05-29T18:18:25 IST" name="login_Workspace_Id" finished-at="2024-05-29T18:18:37 IST" duration-ms="12033" status="PASS">
          <reporter-output>
          </reporter-output>
        </test-method> <!-- login_Workspace_Id -->
        <test-method is-config="true" signature="getResult(org.testng.ITestResult)[pri:0, instance:testCases.LoginTest@5d534f5d]" started-at="2024-05-29T18:18:37 IST" name="getResult" finished-at="2024-05-29T18:18:38 IST" duration-ms="359" status="PASS">
          <params>
            <param index="0">
              <value>
                <![CDATA[[TestResult name=login_Workspace_Id status=SUCCESS method=LoginTest.login_Workspace_Id()[pri:0, instance:testCases.LoginTest@5d534f5d] output={null}]]]>
              </value>
            </param>
          </params>
          <reporter-output>
          </reporter-output>
        </test-method> <!-- getResult -->
        <test-method signature="login_empty()[pri:1, instance:testCases.LoginTest@5d534f5d]" started-at="2024-05-29T18:18:38 IST" name="login_empty" finished-at="2024-05-29T18:18:43 IST" duration-ms="5114" status="PASS">
          <reporter-output>
          </reporter-output>
        </test-method> <!-- login_empty -->
        <test-method is-config="true" signature="getResult(org.testng.ITestResult)[pri:0, instance:testCases.LoginTest@5d534f5d]" started-at="2024-05-29T18:18:43 IST" name="getResult" finished-at="2024-05-29T18:18:43 IST" duration-ms="168" status="PASS">
          <params>
            <param index="0">
              <value>
                <![CDATA[[TestResult name=login_empty status=SUCCESS method=LoginTest.login_empty()[pri:1, instance:testCases.LoginTest@5d534f5d] output={null}]]]>
              </value>
            </param>
          </params>
          <reporter-output>
          </reporter-output>
        </test-method> <!-- getResult -->
        <test-method signature="login_invalid_email()[pri:2, instance:testCases.LoginTest@5d534f5d]" started-at="2024-05-29T18:18:43 IST" name="login_invalid_email" finished-at="2024-05-29T18:18:51 IST" duration-ms="8231" status="PASS">
          <reporter-output>
          </reporter-output>
        </test-method> <!-- login_invalid_email -->
        <test-method is-config="true" signature="getResult(org.testng.ITestResult)[pri:0, instance:testCases.LoginTest@5d534f5d]" started-at="2024-05-29T18:18:51 IST" name="getResult" finished-at="2024-05-29T18:18:51 IST" duration-ms="68" status="PASS">
          <params>
            <param index="0">
              <value>
                <![CDATA[[TestResult name=login_invalid_email status=SUCCESS method=LoginTest.login_invalid_email()[pri:2, instance:testCases.LoginTest@5d534f5d] output={null}]]]>
              </value>
            </param>
          </params>
          <reporter-output>
          </reporter-output>
        </test-method> <!-- getResult -->
        <test-method signature="login_invalid_credentials()[pri:3, instance:testCases.LoginTest@5d534f5d]" started-at="2024-05-29T18:18:51 IST" name="login_invalid_credentials" finished-at="2024-05-29T18:18:56 IST" duration-ms="4966" status="PASS">
          <reporter-output>
          </reporter-output>
        </test-method> <!-- login_invalid_credentials -->
        <test-method is-config="true" signature="getResult(org.testng.ITestResult)[pri:0, instance:testCases.LoginTest@5d534f5d]" started-at="2024-05-29T18:18:56 IST" name="getResult" finished-at="2024-05-29T18:18:56 IST" duration-ms="92" status="PASS">
          <params>
            <param index="0">
              <value>
                <![CDATA[[TestResult name=login_invalid_credentials status=SUCCESS method=LoginTest.login_invalid_credentials()[pri:3, instance:testCases.LoginTest@5d534f5d] output={null}]]]>
              </value>
            </param>
          </params>
          <reporter-output>
          </reporter-output>
        </test-method> <!-- getResult -->
        <test-method signature="login_valid()[pri:4, instance:testCases.LoginTest@5d534f5d]" started-at="2024-05-29T18:18:56 IST" name="login_valid" finished-at="2024-05-29T18:19:09 IST" duration-ms="12916" status="PASS">
          <reporter-output>
          </reporter-output>
        </test-method> <!-- login_valid -->
        <test-method is-config="true" signature="getResult(org.testng.ITestResult)[pri:0, instance:testCases.LoginTest@5d534f5d]" started-at="2024-05-29T18:19:09 IST" name="getResult" finished-at="2024-05-29T18:19:09 IST" duration-ms="49" status="PASS">
          <params>
            <param index="0">
              <value>
                <![CDATA[[TestResult name=login_valid status=SUCCESS method=LoginTest.login_valid()[pri:4, instance:testCases.LoginTest@5d534f5d] output={null}]]]>
              </value>
            </param>
          </params>
          <reporter-output>
          </reporter-output>
        </test-method> <!-- getResult -->
      </class> <!-- testCases.LoginTest -->
      <class name="testCases.Permission_Settings">
        <test-method signature="Admin_Permission_Setting_status()[pri:1, instance:testCases.Permission_Settings@4a883b15]" started-at="2024-05-29T18:19:09 IST" name="Admin_Permission_Setting_status" finished-at="2024-05-29T18:19:27 IST" duration-ms="17700" status="PASS">
          <reporter-output>
          </reporter-output>
        </test-method> <!-- Admin_Permission_Setting_status -->
        <test-method is-config="true" signature="getResult(org.testng.ITestResult)[pri:0, instance:testCases.Permission_Settings@4a883b15]" started-at="2024-05-29T18:19:27 IST" name="getResult" finished-at="2024-05-29T18:19:27 IST" duration-ms="53" status="PASS">
          <params>
            <param index="0">
              <value>
                <![CDATA[[TestResult name=Admin_Permission_Setting_status status=SUCCESS method=Permission_Settings.Admin_Permission_Setting_status()[pri:1, instance:testCases.Permission_Settings@4a883b15] output={null}]]]>
              </value>
            </param>
          </params>
          <reporter-output>
          </reporter-output>
        </test-method> <!-- getResult -->
        <test-method signature="Admin_Permission_Settings()[pri:2, instance:testCases.Permission_Settings@4a883b15]" started-at="2024-05-29T18:19:27 IST" name="Admin_Permission_Settings" finished-at="2024-05-29T18:19:51 IST" duration-ms="23366" status="FAIL">
          <exception class="org.openqa.selenium.NoSuchElementException">
            <message>
              <![CDATA[no such element: Unable to locate element: {"method":"xpath","selector":"//div[@id='']//input[@value='66445fe23988d5efe6368559']"}
  (Session info: MicrosoftEdge=125.0.2535.67)
For documentation on this error, please visit: https://selenium.dev/exceptions/#no_such_element
Build info: version: '4.6.0', revision: '79f1c02ae20'
System info: os.name: 'Mac OS X', os.arch: 'x86_64', os.version: '14.5', java.version: '17.0.10'
Driver info: org.openqa.selenium.edge.EdgeDriver
Command: [2849dfad0eeec8e87ab058b9e536abff, findElement {using=xpath, value=//div[@id='']//input[@value='66445fe23988d5efe6368559']}]
Capabilities {acceptInsecureCerts: false, browserName: MicrosoftEdge, browserVersion: 125.0.2535.67, fedcm:accounts: true, ms:edgeOptions: {debuggerAddress: localhost:53762}, msedge: {msedgedriverVersion: 124.0.2476.0 (71b206936fe4a..., userDataDir: /var/folders/b0/nfldjxmn4h1...}, networkConnectionEnabled: false, pageLoadStrategy: normal, platformName: MAC, proxy: Proxy(), se:cdp: ws://localhost:53762/devtoo..., se:cdpVersion: 125.0.2535.67, setWindowRect: true, strictFileInteractability: false, timeouts: {implicit: 0, pageLoad: 300000, script: 30000}, unhandledPromptBehavior: dismiss and notify, webauthn:extension:credBlob: true, webauthn:extension:largeBlob: true, webauthn:extension:minPinLength: true, webauthn:extension:prf: true, webauthn:virtualAuthenticators: true}
Session ID: 2849dfad0eeec8e87ab058b9e536abff]]>
            </message>
            <full-stacktrace>
              <![CDATA[org.openqa.selenium.NoSuchElementException: no such element: Unable to locate element: {"method":"xpath","selector":"//div[@id='']//input[@value='66445fe23988d5efe6368559']"}
  (Session info: MicrosoftEdge=125.0.2535.67)
For documentation on this error, please visit: https://selenium.dev/exceptions/#no_such_element
Build info: version: '4.6.0', revision: '79f1c02ae20'
System info: os.name: 'Mac OS X', os.arch: 'x86_64', os.version: '14.5', java.version: '17.0.10'
Driver info: org.openqa.selenium.edge.EdgeDriver
Command: [2849dfad0eeec8e87ab058b9e536abff, findElement {using=xpath, value=//div[@id='']//input[@value='66445fe23988d5efe6368559']}]
Capabilities {acceptInsecureCerts: false, browserName: MicrosoftEdge, browserVersion: 125.0.2535.67, fedcm:accounts: true, ms:edgeOptions: {debuggerAddress: localhost:53762}, msedge: {msedgedriverVersion: 124.0.2476.0 (71b206936fe4a..., userDataDir: /var/folders/b0/nfldjxmn4h1...}, networkConnectionEnabled: false, pageLoadStrategy: normal, platformName: MAC, proxy: Proxy(), se:cdp: ws://localhost:53762/devtoo..., se:cdpVersion: 125.0.2535.67, setWindowRect: true, strictFileInteractability: false, timeouts: {implicit: 0, pageLoad: 300000, script: 30000}, unhandledPromptBehavior: dismiss and notify, webauthn:extension:credBlob: true, webauthn:extension:largeBlob: true, webauthn:extension:minPinLength: true, webauthn:extension:prf: true, webauthn:virtualAuthenticators: true}
Session ID: 2849dfad0eeec8e87ab058b9e536abff
at java.base/jdk.internal.reflect.NativeConstructorAccessorImpl.newInstance0(Native Method)
at java.base/jdk.internal.reflect.NativeConstructorAccessorImpl.newInstance(NativeConstructorAccessorImpl.java:77)
at java.base/jdk.internal.reflect.DelegatingConstructorAccessorImpl.newInstance(DelegatingConstructorAccessorImpl.java:45)
at java.base/java.lang.reflect.Constructor.newInstanceWithCaller(Constructor.java:499)
at java.base/java.lang.reflect.Constructor.newInstance(Constructor.java:480)
at org.openqa.selenium.remote.codec.w3c.W3CHttpResponseCodec.createException(W3CHttpResponseCodec.java:200)
at org.openqa.selenium.remote.codec.w3c.W3CHttpResponseCodec.decode(W3CHttpResponseCodec.java:133)
at org.openqa.selenium.remote.codec.w3c.W3CHttpResponseCodec.decode(W3CHttpResponseCodec.java:53)
at org.openqa.selenium.remote.HttpCommandExecutor.execute(HttpCommandExecutor.java:184)
at org.openqa.selenium.remote.service.DriverCommandExecutor.invokeExecute(DriverCommandExecutor.java:167)
at org.openqa.selenium.remote.service.DriverCommandExecutor.execute(DriverCommandExecutor.java:142)
at org.openqa.selenium.remote.RemoteWebDriver.execute(RemoteWebDriver.java:541)
at org.openqa.selenium.remote.ElementLocation$ElementFinder$2.findElement(ElementLocation.java:162)
at org.openqa.selenium.remote.ElementLocation.findElement(ElementLocation.java:60)
at org.openqa.selenium.remote.RemoteWebDriver.findElement(RemoteWebDriver.java:365)
at org.openqa.selenium.remote.RemoteWebDriver.findElement(RemoteWebDriver.java:357)
at testCases.Permission_Settings.Admin_Permission_Settings(Permission_Settings.java:40)
at java.base/jdk.internal.reflect.NativeMethodAccessorImpl.invoke0(Native Method)
at java.base/jdk.internal.reflect.NativeMethodAccessorImpl.invoke(NativeMethodAccessorImpl.java:77)
at java.base/jdk.internal.reflect.DelegatingMethodAccessorImpl.invoke(DelegatingMethodAccessorImpl.java:43)
at java.base/java.lang.reflect.Method.invoke(Method.java:568)
at org.testng.internal.MethodInvocationHelper.invokeMethod(MethodInvocationHelper.java:133)
at org.testng.internal.TestInvoker.invokeMethod(TestInvoker.java:598)
at org.testng.internal.TestInvoker.invokeTestMethod(TestInvoker.java:173)
at org.testng.internal.MethodRunner.runInSequence(MethodRunner.java:46)
at org.testng.internal.TestInvoker$MethodInvocationAgent.invoke(TestInvoker.java:824)
at org.testng.internal.TestInvoker.invokeTestMethods(TestInvoker.java:146)
at org.testng.internal.TestMethodWorker.invokeTestMethods(TestMethodWorker.java:146)
at org.testng.internal.TestMethodWorker.run(TestMethodWorker.java:128)
at java.base/java.util.ArrayList.forEach(ArrayList.java:1511)
at org.testng.TestRunner.privateRun(TestRunner.java:794)
at org.testng.TestRunner.run(TestRunner.java:596)
at org.testng.SuiteRunner.runTest(SuiteRunner.java:377)
at org.testng.SuiteRunner.runSequentially(SuiteRunner.java:371)
at org.testng.SuiteRunner.privateRun(SuiteRunner.java:332)
at org.testng.SuiteRunner.run(SuiteRunner.java:276)
at org.testng.SuiteRunnerWorker.runSuite(SuiteRunnerWorker.java:53)
at org.testng.SuiteRunnerWorker.run(SuiteRunnerWorker.java:96)
at org.testng.TestNG.runSuitesSequentially(TestNG.java:1212)
at org.testng.TestNG.runSuitesLocally(TestNG.java:1134)
at org.testng.TestNG.runSuites(TestNG.java:1063)
at org.testng.TestNG.run(TestNG.java:1031)
at org.testng.remote.AbstractRemoteTestNG.run(AbstractRemoteTestNG.java:115)
at org.testng.remote.RemoteTestNG.initAndRun(RemoteTestNG.java:251)
at org.testng.remote.RemoteTestNG.main(RemoteTestNG.java:77)
]]>
            </full-stacktrace>
          </exception> <!-- org.openqa.selenium.NoSuchElementException -->
          <reporter-output>
          </reporter-output>
        </test-method> <!-- Admin_Permission_Settings -->
        <test-method is-config="true" signature="getResult(org.testng.ITestResult)[pri:0, instance:testCases.Permission_Settings@4a883b15]" started-at="2024-05-29T18:19:51 IST" name="getResult" finished-at="2024-05-29T18:19:51 IST" duration-ms="64" status="PASS">
          <params>
            <param index="0">
              <value>
                <![CDATA[[TestResult name=Admin_Permission_Settings status=FAILURE method=Permission_Settings.Admin_Permission_Settings()[pri:2, instance:testCases.Permission_Settings@4a883b15] output={null}]]]>
              </value>
            </param>
          </params>
          <reporter-output>
          </reporter-output>
        </test-method> <!-- getResult -->
        <test-method signature="Creator_Permission_Setting_status()[pri:3, instance:testCases.Permission_Settings@4a883b15]" started-at="2024-05-29T18:19:51 IST" name="Creator_Permission_Setting_status" finished-at="2024-05-29T18:20:00 IST" duration-ms="9791" status="PASS">
          <reporter-output>
          </reporter-output>
        </test-method> <!-- Creator_Permission_Setting_status -->
        <test-method is-config="true" signature="getResult(org.testng.ITestResult)[pri:0, instance:testCases.Permission_Settings@4a883b15]" started-at="2024-05-29T18:20:00 IST" name="getResult" finished-at="2024-05-29T18:20:00 IST" duration-ms="46" status="PASS">
          <params>
            <param index="0">
              <value>
                <![CDATA[[TestResult name=Creator_Permission_Setting_status status=SUCCESS method=Permission_Settings.Creator_Permission_Setting_status()[pri:3, instance:testCases.Permission_Settings@4a883b15] output={null}]]]>
              </value>
            </param>
          </params>
          <reporter-output>
          </reporter-output>
        </test-method> <!-- getResult -->
        <test-method signature="Creator_Permission_Settings()[pri:4, instance:testCases.Permission_Settings@4a883b15]" started-at="2024-05-29T18:20:00 IST" name="Creator_Permission_Settings" finished-at="2024-05-29T18:20:23 IST" duration-ms="23043" status="FAIL">
          <exception class="org.openqa.selenium.NoSuchElementException">
            <message>
              <![CDATA[no such element: Unable to locate element: {"method":"xpath","selector":"//div[@id='']//input[@value='66445fe23988d5efe636855a']"}
  (Session info: MicrosoftEdge=125.0.2535.67)
For documentation on this error, please visit: https://selenium.dev/exceptions/#no_such_element
Build info: version: '4.6.0', revision: '79f1c02ae20'
System info: os.name: 'Mac OS X', os.arch: 'x86_64', os.version: '14.5', java.version: '17.0.10'
Driver info: org.openqa.selenium.edge.EdgeDriver
Command: [2849dfad0eeec8e87ab058b9e536abff, findElement {using=xpath, value=//div[@id='']//input[@value='66445fe23988d5efe636855a']}]
Capabilities {acceptInsecureCerts: false, browserName: MicrosoftEdge, browserVersion: 125.0.2535.67, fedcm:accounts: true, ms:edgeOptions: {debuggerAddress: localhost:53762}, msedge: {msedgedriverVersion: 124.0.2476.0 (71b206936fe4a..., userDataDir: /var/folders/b0/nfldjxmn4h1...}, networkConnectionEnabled: false, pageLoadStrategy: normal, platformName: MAC, proxy: Proxy(), se:cdp: ws://localhost:53762/devtoo..., se:cdpVersion: 125.0.2535.67, setWindowRect: true, strictFileInteractability: false, timeouts: {implicit: 0, pageLoad: 300000, script: 30000}, unhandledPromptBehavior: dismiss and notify, webauthn:extension:credBlob: true, webauthn:extension:largeBlob: true, webauthn:extension:minPinLength: true, webauthn:extension:prf: true, webauthn:virtualAuthenticators: true}
Session ID: 2849dfad0eeec8e87ab058b9e536abff]]>
            </message>
            <full-stacktrace>
              <![CDATA[org.openqa.selenium.NoSuchElementException: no such element: Unable to locate element: {"method":"xpath","selector":"//div[@id='']//input[@value='66445fe23988d5efe636855a']"}
  (Session info: MicrosoftEdge=125.0.2535.67)
For documentation on this error, please visit: https://selenium.dev/exceptions/#no_such_element
Build info: version: '4.6.0', revision: '79f1c02ae20'
System info: os.name: 'Mac OS X', os.arch: 'x86_64', os.version: '14.5', java.version: '17.0.10'
Driver info: org.openqa.selenium.edge.EdgeDriver
Command: [2849dfad0eeec8e87ab058b9e536abff, findElement {using=xpath, value=//div[@id='']//input[@value='66445fe23988d5efe636855a']}]
Capabilities {acceptInsecureCerts: false, browserName: MicrosoftEdge, browserVersion: 125.0.2535.67, fedcm:accounts: true, ms:edgeOptions: {debuggerAddress: localhost:53762}, msedge: {msedgedriverVersion: 124.0.2476.0 (71b206936fe4a..., userDataDir: /var/folders/b0/nfldjxmn4h1...}, networkConnectionEnabled: false, pageLoadStrategy: normal, platformName: MAC, proxy: Proxy(), se:cdp: ws://localhost:53762/devtoo..., se:cdpVersion: 125.0.2535.67, setWindowRect: true, strictFileInteractability: false, timeouts: {implicit: 0, pageLoad: 300000, script: 30000}, unhandledPromptBehavior: dismiss and notify, webauthn:extension:credBlob: true, webauthn:extension:largeBlob: true, webauthn:extension:minPinLength: true, webauthn:extension:prf: true, webauthn:virtualAuthenticators: true}
Session ID: 2849dfad0eeec8e87ab058b9e536abff
at java.base/jdk.internal.reflect.NativeConstructorAccessorImpl.newInstance0(Native Method)
at java.base/jdk.internal.reflect.NativeConstructorAccessorImpl.newInstance(NativeConstructorAccessorImpl.java:77)
at java.base/jdk.internal.reflect.DelegatingConstructorAccessorImpl.newInstance(DelegatingConstructorAccessorImpl.java:45)
at java.base/java.lang.reflect.Constructor.newInstanceWithCaller(Constructor.java:499)
at java.base/java.lang.reflect.Constructor.newInstance(Constructor.java:480)
at org.openqa.selenium.remote.codec.w3c.W3CHttpResponseCodec.createException(W3CHttpResponseCodec.java:200)
at org.openqa.selenium.remote.codec.w3c.W3CHttpResponseCodec.decode(W3CHttpResponseCodec.java:133)
at org.openqa.selenium.remote.codec.w3c.W3CHttpResponseCodec.decode(W3CHttpResponseCodec.java:53)
at org.openqa.selenium.remote.HttpCommandExecutor.execute(HttpCommandExecutor.java:184)
at org.openqa.selenium.remote.service.DriverCommandExecutor.invokeExecute(DriverCommandExecutor.java:167)
at org.openqa.selenium.remote.service.DriverCommandExecutor.execute(DriverCommandExecutor.java:142)
at org.openqa.selenium.remote.RemoteWebDriver.execute(RemoteWebDriver.java:541)
at org.openqa.selenium.remote.ElementLocation$ElementFinder$2.findElement(ElementLocation.java:162)
at org.openqa.selenium.remote.ElementLocation.findElement(ElementLocation.java:60)
at org.openqa.selenium.remote.RemoteWebDriver.findElement(RemoteWebDriver.java:365)
at org.openqa.selenium.remote.RemoteWebDriver.findElement(RemoteWebDriver.java:357)
at testCases.Permission_Settings.Creator_Permission_Settings(Permission_Settings.java:79)
at java.base/jdk.internal.reflect.NativeMethodAccessorImpl.invoke0(Native Method)
at java.base/jdk.internal.reflect.NativeMethodAccessorImpl.invoke(NativeMethodAccessorImpl.java:77)
at java.base/jdk.internal.reflect.DelegatingMethodAccessorImpl.invoke(DelegatingMethodAccessorImpl.java:43)
at java.base/java.lang.reflect.Method.invoke(Method.java:568)
at org.testng.internal.MethodInvocationHelper.invokeMethod(MethodInvocationHelper.java:133)
at org.testng.internal.TestInvoker.invokeMethod(TestInvoker.java:598)
at org.testng.internal.TestInvoker.invokeTestMethod(TestInvoker.java:173)
at org.testng.internal.MethodRunner.runInSequence(MethodRunner.java:46)
at org.testng.internal.TestInvoker$MethodInvocationAgent.invoke(TestInvoker.java:824)
at org.testng.internal.TestInvoker.invokeTestMethods(TestInvoker.java:146)
at org.testng.internal.TestMethodWorker.invokeTestMethods(TestMethodWorker.java:146)
at org.testng.internal.TestMethodWorker.run(TestMethodWorker.java:128)
at java.base/java.util.ArrayList.forEach(ArrayList.java:1511)
at org.testng.TestRunner.privateRun(TestRunner.java:794)
at org.testng.TestRunner.run(TestRunner.java:596)
at org.testng.SuiteRunner.runTest(SuiteRunner.java:377)
at org.testng.SuiteRunner.runSequentially(SuiteRunner.java:371)
at org.testng.SuiteRunner.privateRun(SuiteRunner.java:332)
at org.testng.SuiteRunner.run(SuiteRunner.java:276)
at org.testng.SuiteRunnerWorker.runSuite(SuiteRunnerWorker.java:53)
at org.testng.SuiteRunnerWorker.run(SuiteRunnerWorker.java:96)
at org.testng.TestNG.runSuitesSequentially(TestNG.java:1212)
at org.testng.TestNG.runSuitesLocally(TestNG.java:1134)
at org.testng.TestNG.runSuites(TestNG.java:1063)
at org.testng.TestNG.run(TestNG.java:1031)
at org.testng.remote.AbstractRemoteTestNG.run(AbstractRemoteTestNG.java:115)
at org.testng.remote.RemoteTestNG.initAndRun(RemoteTestNG.java:251)
at org.testng.remote.RemoteTestNG.main(RemoteTestNG.java:77)
]]>
            </full-stacktrace>
          </exception> <!-- org.openqa.selenium.NoSuchElementException -->
          <reporter-output>
          </reporter-output>
        </test-method> <!-- Creator_Permission_Settings -->
        <test-method is-config="true" signature="getResult(org.testng.ITestResult)[pri:0, instance:testCases.Permission_Settings@4a883b15]" started-at="2024-05-29T18:20:23 IST" name="getResult" finished-at="2024-05-29T18:20:24 IST" duration-ms="62" status="PASS">
          <params>
            <param index="0">
              <value>
                <![CDATA[[TestResult name=Creator_Permission_Settings status=FAILURE method=Permission_Settings.Creator_Permission_Settings()[pri:4, instance:testCases.Permission_Settings@4a883b15] output={null}]]]>
              </value>
            </param>
          </params>
          <reporter-output>
          </reporter-output>
        </test-method> <!-- getResult -->
        <test-method signature="Manager_Permission_Setting_status()[pri:5, instance:testCases.Permission_Settings@4a883b15]" started-at="2024-05-29T18:20:24 IST" name="Manager_Permission_Setting_status" finished-at="2024-05-29T18:20:47 IST" duration-ms="23318" status="PASS">
          <reporter-output>
          </reporter-output>
        </test-method> <!-- Manager_Permission_Setting_status -->
        <test-method is-config="true" signature="getResult(org.testng.ITestResult)[pri:0, instance:testCases.Permission_Settings@4a883b15]" started-at="2024-05-29T18:20:47 IST" name="getResult" finished-at="2024-05-29T18:20:47 IST" duration-ms="37" status="PASS">
          <params>
            <param index="0">
              <value>
                <![CDATA[[TestResult name=Manager_Permission_Setting_status status=SUCCESS method=Permission_Settings.Manager_Permission_Setting_status()[pri:5, instance:testCases.Permission_Settings@4a883b15] output={null}]]]>
              </value>
            </param>
          </params>
          <reporter-output>
          </reporter-output>
        </test-method> <!-- getResult -->
        <test-method signature="Manager_Permission_Settings()[pri:6, instance:testCases.Permission_Settings@4a883b15]" started-at="2024-05-29T18:20:47 IST" name="Manager_Permission_Settings" finished-at="2024-05-29T18:21:10 IST" duration-ms="23046" status="FAIL">
          <exception class="org.openqa.selenium.NoSuchElementException">
            <message>
              <![CDATA[no such element: Unable to locate element: {"method":"xpath","selector":"//div[@id='']//input[@value='66445fe23988d5efe636855b']"}
  (Session info: MicrosoftEdge=125.0.2535.67)
For documentation on this error, please visit: https://selenium.dev/exceptions/#no_such_element
Build info: version: '4.6.0', revision: '79f1c02ae20'
System info: os.name: 'Mac OS X', os.arch: 'x86_64', os.version: '14.5', java.version: '17.0.10'
Driver info: org.openqa.selenium.edge.EdgeDriver
Command: [2849dfad0eeec8e87ab058b9e536abff, findElement {using=xpath, value=//div[@id='']//input[@value='66445fe23988d5efe636855b']}]
Capabilities {acceptInsecureCerts: false, browserName: MicrosoftEdge, browserVersion: 125.0.2535.67, fedcm:accounts: true, ms:edgeOptions: {debuggerAddress: localhost:53762}, msedge: {msedgedriverVersion: 124.0.2476.0 (71b206936fe4a..., userDataDir: /var/folders/b0/nfldjxmn4h1...}, networkConnectionEnabled: false, pageLoadStrategy: normal, platformName: MAC, proxy: Proxy(), se:cdp: ws://localhost:53762/devtoo..., se:cdpVersion: 125.0.2535.67, setWindowRect: true, strictFileInteractability: false, timeouts: {implicit: 0, pageLoad: 300000, script: 30000}, unhandledPromptBehavior: dismiss and notify, webauthn:extension:credBlob: true, webauthn:extension:largeBlob: true, webauthn:extension:minPinLength: true, webauthn:extension:prf: true, webauthn:virtualAuthenticators: true}
Session ID: 2849dfad0eeec8e87ab058b9e536abff]]>
            </message>
            <full-stacktrace>
              <![CDATA[org.openqa.selenium.NoSuchElementException: no such element: Unable to locate element: {"method":"xpath","selector":"//div[@id='']//input[@value='66445fe23988d5efe636855b']"}
  (Session info: MicrosoftEdge=125.0.2535.67)
For documentation on this error, please visit: https://selenium.dev/exceptions/#no_such_element
Build info: version: '4.6.0', revision: '79f1c02ae20'
System info: os.name: 'Mac OS X', os.arch: 'x86_64', os.version: '14.5', java.version: '17.0.10'
Driver info: org.openqa.selenium.edge.EdgeDriver
Command: [2849dfad0eeec8e87ab058b9e536abff, findElement {using=xpath, value=//div[@id='']//input[@value='66445fe23988d5efe636855b']}]
Capabilities {acceptInsecureCerts: false, browserName: MicrosoftEdge, browserVersion: 125.0.2535.67, fedcm:accounts: true, ms:edgeOptions: {debuggerAddress: localhost:53762}, msedge: {msedgedriverVersion: 124.0.2476.0 (71b206936fe4a..., userDataDir: /var/folders/b0/nfldjxmn4h1...}, networkConnectionEnabled: false, pageLoadStrategy: normal, platformName: MAC, proxy: Proxy(), se:cdp: ws://localhost:53762/devtoo..., se:cdpVersion: 125.0.2535.67, setWindowRect: true, strictFileInteractability: false, timeouts: {implicit: 0, pageLoad: 300000, script: 30000}, unhandledPromptBehavior: dismiss and notify, webauthn:extension:credBlob: true, webauthn:extension:largeBlob: true, webauthn:extension:minPinLength: true, webauthn:extension:prf: true, webauthn:virtualAuthenticators: true}
Session ID: 2849dfad0eeec8e87ab058b9e536abff
at java.base/jdk.internal.reflect.NativeConstructorAccessorImpl.newInstance0(Native Method)
at java.base/jdk.internal.reflect.NativeConstructorAccessorImpl.newInstance(NativeConstructorAccessorImpl.java:77)
at java.base/jdk.internal.reflect.DelegatingConstructorAccessorImpl.newInstance(DelegatingConstructorAccessorImpl.java:45)
at java.base/java.lang.reflect.Constructor.newInstanceWithCaller(Constructor.java:499)
at java.base/java.lang.reflect.Constructor.newInstance(Constructor.java:480)
at org.openqa.selenium.remote.codec.w3c.W3CHttpResponseCodec.createException(W3CHttpResponseCodec.java:200)
at org.openqa.selenium.remote.codec.w3c.W3CHttpResponseCodec.decode(W3CHttpResponseCodec.java:133)
at org.openqa.selenium.remote.codec.w3c.W3CHttpResponseCodec.decode(W3CHttpResponseCodec.java:53)
at org.openqa.selenium.remote.HttpCommandExecutor.execute(HttpCommandExecutor.java:184)
at org.openqa.selenium.remote.service.DriverCommandExecutor.invokeExecute(DriverCommandExecutor.java:167)
at org.openqa.selenium.remote.service.DriverCommandExecutor.execute(DriverCommandExecutor.java:142)
at org.openqa.selenium.remote.RemoteWebDriver.execute(RemoteWebDriver.java:541)
at org.openqa.selenium.remote.ElementLocation$ElementFinder$2.findElement(ElementLocation.java:162)
at org.openqa.selenium.remote.ElementLocation.findElement(ElementLocation.java:60)
at org.openqa.selenium.remote.RemoteWebDriver.findElement(RemoteWebDriver.java:365)
at org.openqa.selenium.remote.RemoteWebDriver.findElement(RemoteWebDriver.java:357)
at testCases.Permission_Settings.Manager_Permission_Settings(Permission_Settings.java:118)
at java.base/jdk.internal.reflect.NativeMethodAccessorImpl.invoke0(Native Method)
at java.base/jdk.internal.reflect.NativeMethodAccessorImpl.invoke(NativeMethodAccessorImpl.java:77)
at java.base/jdk.internal.reflect.DelegatingMethodAccessorImpl.invoke(DelegatingMethodAccessorImpl.java:43)
at java.base/java.lang.reflect.Method.invoke(Method.java:568)
at org.testng.internal.MethodInvocationHelper.invokeMethod(MethodInvocationHelper.java:133)
at org.testng.internal.TestInvoker.invokeMethod(TestInvoker.java:598)
at org.testng.internal.TestInvoker.invokeTestMethod(TestInvoker.java:173)
at org.testng.internal.MethodRunner.runInSequence(MethodRunner.java:46)
at org.testng.internal.TestInvoker$MethodInvocationAgent.invoke(TestInvoker.java:824)
at org.testng.internal.TestInvoker.invokeTestMethods(TestInvoker.java:146)
at org.testng.internal.TestMethodWorker.invokeTestMethods(TestMethodWorker.java:146)
at org.testng.internal.TestMethodWorker.run(TestMethodWorker.java:128)
at java.base/java.util.ArrayList.forEach(ArrayList.java:1511)
at org.testng.TestRunner.privateRun(TestRunner.java:794)
at org.testng.TestRunner.run(TestRunner.java:596)
at org.testng.SuiteRunner.runTest(SuiteRunner.java:377)
at org.testng.SuiteRunner.runSequentially(SuiteRunner.java:371)
at org.testng.SuiteRunner.privateRun(SuiteRunner.java:332)
at org.testng.SuiteRunner.run(SuiteRunner.java:276)
at org.testng.SuiteRunnerWorker.runSuite(SuiteRunnerWorker.java:53)
at org.testng.SuiteRunnerWorker.run(SuiteRunnerWorker.java:96)
at org.testng.TestNG.runSuitesSequentially(TestNG.java:1212)
at org.testng.TestNG.runSuitesLocally(TestNG.java:1134)
at org.testng.TestNG.runSuites(TestNG.java:1063)
at org.testng.TestNG.run(TestNG.java:1031)
at org.testng.remote.AbstractRemoteTestNG.run(AbstractRemoteTestNG.java:115)
at org.testng.remote.RemoteTestNG.initAndRun(RemoteTestNG.java:251)
at org.testng.remote.RemoteTestNG.main(RemoteTestNG.java:77)
]]>
            </full-stacktrace>
          </exception> <!-- org.openqa.selenium.NoSuchElementException -->
          <reporter-output>
          </reporter-output>
        </test-method> <!-- Manager_Permission_Settings -->
        <test-method is-config="true" signature="getResult(org.testng.ITestResult)[pri:0, instance:testCases.Permission_Settings@4a883b15]" started-at="2024-05-29T18:21:10 IST" name="getResult" finished-at="2024-05-29T18:21:10 IST" duration-ms="47" status="PASS">
          <params>
            <param index="0">
              <value>
                <![CDATA[[TestResult name=Manager_Permission_Settings status=FAILURE method=Permission_Settings.Manager_Permission_Settings()[pri:6, instance:testCases.Permission_Settings@4a883b15] output={null}]]]>
              </value>
            </param>
          </params>
          <reporter-output>
          </reporter-output>
        </test-method> <!-- getResult -->
      </class> <!-- testCases.Permission_Settings -->
    </test> <!-- Test -->
  </suite> <!-- Suite -->
</testng-results>
